D:\softinstall\vs2017ins\Common7\IDE\VC\VCTargets\Microsoft.CppBuild.targets(373,5): warning MSB8004: Output 目录未以斜杠结尾。  此生成实例将添加斜杠，因为必须有这个斜杠才能正确计算 Output 目录。
  getopt.c
e:\mysoft\ipkdec\ipkdec-master-1bb0a083e1bad93d249d3dcb95d7ecae349f51da\getopt.c(176): warning C4028: 形参 3 与声明不同
e:\mysoft\ipkdec\ipkdec-master-1bb0a083e1bad93d249d3dcb95d7ecae349f51da\getopt.c(176): warning C4273: “strncmp”: dll 链接不一致
  c:\program files (x86)\windows kits\10\include\10.0.15063.0\ucrt\string.h(274): note: 参见“strncmp”的前一个定义
  ipkDec.cpp
e:\mysoft\ipkdec\ipkdec-master-1bb0a083e1bad93d249d3dcb95d7ecae349f51da\ipkdec.cpp(254): warning C4018: “>=”: 有符号/无符号不匹配
e:\mysoft\ipkdec\ipkdec-master-1bb0a083e1bad93d249d3dcb95d7ecae349f51da\ipkdec.cpp(255): warning C4018: “<=”: 有符号/无符号不匹配
e:\mysoft\ipkdec\ipkdec-master-1bb0a083e1bad93d249d3dcb95d7ecae349f51da\ipkdec.cpp(99): warning C4996: 'strncpy': This function or variable may be unsafe. Consider using strncpy_s instead. To disable deprecation, use _CRT_SECURE_NO_WARNINGS. See online help for details.
  c:\program files (x86)\windows kits\10\include\10.0.15063.0\ucrt\string.h(343): note: 参见“strncpy”的声明
e:\mysoft\ipkdec\ipkdec-master-1bb0a083e1bad93d249d3dcb95d7ecae349f51da\ipkdec.cpp(102): warning C4996: 'strncpy': This function or variable may be unsafe. Consider using strncpy_s instead. To disable deprecation, use _CRT_SECURE_NO_WARNINGS. See online help for details.
  c:\program files (x86)\windows kits\10\include\10.0.15063.0\ucrt\string.h(343): note: 参见“strncpy”的声明
e:\mysoft\ipkdec\ipkdec-master-1bb0a083e1bad93d249d3dcb95d7ecae349f51da\ipkdec.cpp(131): warning C4996: 'sprintf': This function or variable may be unsafe. Consider using sprintf_s instead. To disable deprecation, use _CRT_SECURE_NO_WARNINGS. See online help for details.
  c:\program files (x86)\windows kits\10\include\10.0.15063.0\ucrt\stdio.h(1772): note: 参见“sprintf”的声明
e:\mysoft\ipkdec\ipkdec-master-1bb0a083e1bad93d249d3dcb95d7ecae349f51da\ipkdec.cpp(134): warning C4996: 'sprintf': This function or variable may be unsafe. Consider using sprintf_s instead. To disable deprecation, use _CRT_SECURE_NO_WARNINGS. See online help for details.
  c:\program files (x86)\windows kits\10\include\10.0.15063.0\ucrt\stdio.h(1772): note: 参见“sprintf”的声明
e:\mysoft\ipkdec\ipkdec-master-1bb0a083e1bad93d249d3dcb95d7ecae349f51da\ipkdec.cpp(149): warning C4996: 'strncpy': This function or variable may be unsafe. Consider using strncpy_s instead. To disable deprecation, use _CRT_SECURE_NO_WARNINGS. See online help for details.
  c:\program files (x86)\windows kits\10\include\10.0.15063.0\ucrt\string.h(343): note: 参见“strncpy”的声明
e:\mysoft\ipkdec\ipkdec-master-1bb0a083e1bad93d249d3dcb95d7ecae349f51da\ipkdec.cpp(168): warning C4996: 'fopen': This function or variable may be unsafe. Consider using fopen_s instead. To disable deprecation, use _CRT_SECURE_NO_WARNINGS. See online help for details.
  c:\program files (x86)\windows kits\10\include\10.0.15063.0\ucrt\stdio.h(207): note: 参见“fopen”的声明
e:\mysoft\ipkdec\ipkdec-master-1bb0a083e1bad93d249d3dcb95d7ecae349f51da\ipkdec.cpp(222): warning C4996: 'fopen': This function or variable may be unsafe. Consider using fopen_s instead. To disable deprecation, use _CRT_SECURE_NO_WARNINGS. See online help for details.
  c:\program files (x86)\windows kits\10\include\10.0.15063.0\ucrt\stdio.h(207): note: 参见“fopen”的声明
e:\mysoft\ipkdec\ipkdec-master-1bb0a083e1bad93d249d3dcb95d7ecae349f51da\ipkdec.cpp(309): warning C4996: '_snprintf': This function or variable may be unsafe. Consider using _snprintf_s instead. To disable deprecation, use _CRT_SECURE_NO_WARNINGS. See online help for details.
  c:\program files (x86)\windows kits\10\include\10.0.15063.0\ucrt\stdio.h(1958): note: 参见“_snprintf”的声明
e:\mysoft\ipkdec\ipkdec-master-1bb0a083e1bad93d249d3dcb95d7ecae349f51da\ipkdec.cpp(319): warning C4996: 'fopen': This function or variable may be unsafe. Consider using fopen_s instead. To disable deprecation, use _CRT_SECURE_NO_WARNINGS. See online help for details.
  c:\program files (x86)\windows kits\10\include\10.0.15063.0\ucrt\stdio.h(207): note: 参见“fopen”的声明
e:\mysoft\ipkdec\ipkdec-master-1bb0a083e1bad93d249d3dcb95d7ecae349f51da\ipkdec.cpp(328): warning C4996: 'fopen': This function or variable may be unsafe. Consider using fopen_s instead. To disable deprecation, use _CRT_SECURE_NO_WARNINGS. See online help for details.
  c:\program files (x86)\windows kits\10\include\10.0.15063.0\ucrt\stdio.h(207): note: 参见“fopen”的声明
  ipkDec.vcxproj -> E:\Mysoft\ipkDec\ipkDec-master-1bb0a083e1bad93d249d3dcb95d7ecae349f51da\bin\ipkDec.exe
  ipkDec.vcxproj -> E:\Mysoft\ipkDec\ipkDec-master-1bb0a083e1bad93d249d3dcb95d7ecae349f51da\bin\ipkDec.pdb (Partial PDB)
